<testsuite failures="0" name="src/test/resources/karate/request/client.feature" skipped="0" tests="1" time="2.148647">
  <testcase classname="src.test.resources.karate.request.client" name="Check the service get method" time="2.148647">
    <system-out>* url url ................................................................. passed
* def responseGet = read('classpath:karate/request/responseGet.json') ..... passed
Given path 'users','2' .................................................... passed
When method get ........................................................... passed
Then status 200 ........................................................... passed
And match response == responseGet ......................................... passed
And assert response.support.text == "To keep ReqRes free, contributions towards server costs are appreciated!" . passed
And assert response.data.email == email ................................... passed
And assert response.data.id == id ......................................... passed
And assert response.data.first_name == first_name ......................... passed
And assert response.data.last_name == last_name ........................... passed
And assert response.data.avatar == avatar ................................. passed
And assert response.support.url == url2 ................................... passed</system-out>
  </testcase>
</testsuite>
